app/build/intermediates/manifest_merge_blame_file/debug/manifest-merger-blame-debug-report.txt
1<?xml version="1.0" encoding="utf-8"?>
2<manifest xmlns:android="http://schemas.android.com/apk/res/android"
3    package="com.example.waterreminder"
4    android:versionCode="1"
5    android:versionName="1.0" >
6
7    <uses-sdk
8        android:minSdkVersion="16"
8-->src\main\AndroidManifest.xml
9        android:targetSdkVersion="29" />
9-->src\main\AndroidManifest.xml
10
11    <uses-permission android:name="com.android.alarm.permission.SET_ALARM" />
11-->src\main\AndroidManifest.xml:5:5-78
11-->src\main\AndroidManifest.xml:5:22-75
12
13    <application
13-->src\main\AndroidManifest.xml:7:5-31:19
14        android:allowBackup="true"
14-->src\main\AndroidManifest.xml:9:9-35
15        android:appComponentFactory="android.support.v4.app.CoreComponentFactory"
15-->[com.android.support:support-compat:28.0.0] AndroidManifest.xml:22:18-91
16        android:debuggable="true"
17        android:icon="@mipmap/ic_launcher"
17-->src\main\AndroidManifest.xml:10:9-43
18        android:label="@string/app_name"
18-->src\main\AndroidManifest.xml:11:9-41
19        android:roundIcon="@mipmap/ic_launcher_round"
19-->src\main\AndroidManifest.xml:12:9-54
20        android:supportsRtl="true"
20-->src\main\AndroidManifest.xml:13:9-35
21        android:testOnly="true"
22        android:theme="@style/AppTheme" >
22-->src\main\AndroidManifest.xml:14:9-40
23        <activity
23-->src\main\AndroidManifest.xml:15:9-18:68
24            android:name="com.example.waterreminder.ScrollingActivity"
24-->src\main\AndroidManifest.xml:16:13-46
25            android:label="@string/title_activity_scrolling"
25-->src\main\AndroidManifest.xml:17:13-61
26            android:theme="@style/AppTheme.NoActionBar" />
26-->src\main\AndroidManifest.xml:18:13-56
27        <activity
27-->src\main\AndroidManifest.xml:19:9-20:67
28            android:name="com.example.waterreminder.ConsejosActivity"
28-->src\main\AndroidManifest.xml:19:19-51
29            android:parentActivityName="com.example.waterreminder.HomeActivity" />
29-->src\main\AndroidManifest.xml:20:13-55
30        <activity android:name="com.example.waterreminder.HomeActivity" />
30-->src\main\AndroidManifest.xml:21:9-50
30-->src\main\AndroidManifest.xml:21:19-47
31        <activity android:name="com.example.waterreminder.AlarmaActivity" />
31-->src\main\AndroidManifest.xml:22:9-52
31-->src\main\AndroidManifest.xml:22:19-49
32        <activity android:name="com.example.waterreminder.DatosActivity" />
32-->src\main\AndroidManifest.xml:23:9-51
32-->src\main\AndroidManifest.xml:23:19-48
33        <activity android:name="com.example.waterreminder.MainActivity" >
33-->src\main\AndroidManifest.xml:24:9-30:20
33-->src\main\AndroidManifest.xml:24:19-47
34            <intent-filter>
34-->src\main\AndroidManifest.xml:25:13-29:29
35                <action android:name="android.intent.action.MAIN" />
35-->src\main\AndroidManifest.xml:26:17-69
35-->src\main\AndroidManifest.xml:26:25-66
36
37                <category android:name="android.intent.category.LAUNCHER" />
37-->src\main\AndroidManifest.xml:28:17-77
37-->src\main\AndroidManifest.xml:28:27-74
38            </intent-filter>
39        </activity>
40    </application>
41
42</manifest>